#
# A fatal error has been detected by the Java Runtime Environment:
#
#  Internal Error (javaCalls.cpp:51), pid=12697, tid=0x0000000000005103
#  guarantee(thread->is_Java_thread()) failed: crucial check - the VM thread cannot and must not escape to Java code
#
# JRE version: Java(TM) SE Runtime Environment (8.0_191-b12) (build 1.8.0_191-b12)
# Java VM: Java HotSpot(TM) 64-Bit Server VM (25.191-b12 mixed mode bsd-amd64 compressed oops)
# Failed to write core dump. Core dumps have been disabled. To enable core dumping, try "ulimit -c unlimited" before starting Java again
#
# If you would like to submit a bug report, please visit:
#   http://bugreport.java.com/bugreport/crash.jsp
#

---------------  T H R E A D  ---------------

Current thread (0x00007f8868055000):  VMThread [stack: 0x000070000d9e9000,0x000070000dae9000] [id=20739]

Stack: [0x000070000d9e9000,0x000070000dae9000],  sp=0x000070000dae7ac0,  free space=1018k
Native frames: (J=compiled Java code, j=interpreted, Vv=VM code, C=native code)
V  [libjvm.dylib+0x5b55da]  VMError::report_and_die()+0x3f8
V  [libjvm.dylib+0x1e8ec9]  report_vm_error(char const*, int, char const*, char const*)+0x54
V  [libjvm.dylib+0x2ef0a0]  JavaCallWrapper::JavaCallWrapper(methodHandle, Handle, JavaValue*, Thread*)+0x64
V  [libjvm.dylib+0x2ef958]  JavaCalls::call_helper(JavaValue*, methodHandle*, JavaCallArguments*, Thread*)+0x608
V  [libjvm.dylib+0x2efe8b]  JavaCalls::call_special(JavaValue*, KlassHandle, Symbol*, Symbol*, JavaCallArguments*, Thread*)+0x111
V  [libjvm.dylib+0x243885]  Exceptions::new_exception(Thread*, Symbol*, Symbol*, JavaCallArguments*, Handle, Handle)+0xc7
V  [libjvm.dylib+0x243980]  Exceptions::new_exception(Thread*, Symbol*, Symbol*, JavaCallArguments*, Handle, Handle, Handle)+0x28
V  [libjvm.dylib+0x243bdf]  Exceptions::new_exception(Thread*, Symbol*, char const*, Handle, Handle, Handle, Exceptions::ExceptionMsgToUtf8Mode)+0x169
V  [libjvm.dylib+0x243bfa]  Exceptions::new_exception(Thread*, Symbol*, char const*, Exceptions::ExceptionMsgToUtf8Mode)+0x18
V  [libjvm.dylib+0x2878cb]  GenerateOopMap::verify_error(char const*, ...)+0xed
V  [libjvm.dylib+0x287f2a]  GenerateOopMap::merge_state_into_bb(BasicBlock*)+0xc0
V  [libjvm.dylib+0x28a657]  GenerateOopMap::interp_bb(BasicBlock*)+0x22b
V  [libjvm.dylib+0x28a77f]  GenerateOopMap::interp_all()+0x31
V  [libjvm.dylib+0x28ad16]  GenerateOopMap::do_interpretation()+0x44
V  [libjvm.dylib+0x28b12f]  GenerateOopMap::compute_map(Thread*)+0x1fb
V  [libjvm.dylib+0x48506d]  OopMapForCacheEntry::compute_map(Thread*)+0x8f
V  [libjvm.dylib+0x485276]  OopMapCacheEntry::fill(methodHandle, int)+0x19e
V  [libjvm.dylib+0x485457]  OopMapCache::compute_one_oop_map(methodHandle, int, InterpreterOopMap*)+0x16b
V  [libjvm.dylib+0x48570e]  OopMapCache::lookup(methodHandle, int, InterpreterOopMap*) const+0x25c
V  [libjvm.dylib+0x2c2848]  InstanceKlass::mask_for(methodHandle, int, InterpreterOopMap*)+0xd2
V  [libjvm.dylib+0x452da9]  Method::mask_for(int, InterpreterOopMap*)+0xb3
V  [libjvm.dylib+0x39ad03]  VM_GetOrSetLocal::doit()+0x47
V  [libjvm.dylib+0x5bd259]  VM_Operation::evaluate()+0x4f
V  [libjvm.dylib+0x5bb7f1]  VMThread::evaluate_operation(VM_Operation*)+0xdf
V  [libjvm.dylib+0x5bbc3e]  VMThread::loop()+0x328
V  [libjvm.dylib+0x5bb55d]  VMThread::run()+0x79
V  [libjvm.dylib+0x48e0be]  java_start(Thread*)+0xf6
C  [libsystem_pthread.dylib+0x3305]  _pthread_body+0x7e
C  [libsystem_pthread.dylib+0x626f]  _pthread_start+0x46
C  [libsystem_pthread.dylib+0x2415]  thread_start+0xd

VM_Operation (0x000070000def4978): GetOrSetLocal, mode: safepoint, requested by thread 0x00007f8869011800


---------------  P R O C E S S  ---------------

Java Threads: ( => current thread )
  0x00007f8869016000 JavaThread "Service Thread" daemon [_thread_blocked, id=13315, stack(0x000070000e407000,0x000070000e507000)]
  0x00007f8869010800 JavaThread "C1 CompilerThread2" daemon [_thread_blocked, id=15619, stack(0x000070000e304000,0x000070000e404000)]
  0x00007f88678bb000 JavaThread "C2 CompilerThread1" daemon [_thread_blocked, id=16131, stack(0x000070000e201000,0x000070000e301000)]
  0x00007f886787c800 JavaThread "C2 CompilerThread0" daemon [_thread_blocked, id=13059, stack(0x000070000e0fe000,0x000070000e1fe000)]
  0x00007f886802a800 JavaThread "JDWP Command Reader" daemon [_thread_in_native, id=16643, stack(0x000070000dffb000,0x000070000e0fb000)]
  0x00007f886782a000 JavaThread "JDWP Event Helper Thread" daemon [_thread_blocked, id=12547, stack(0x000070000def8000,0x000070000dff8000)]
  0x00007f8869011800 JavaThread "JDWP Transport Listener: dt_socket" daemon [_thread_blocked, id=12295, stack(0x000070000ddf5000,0x000070000def5000)]
  0x00007f8869004800 JavaThread "Signal Dispatcher" daemon [_thread_blocked, id=17667, stack(0x000070000dcf2000,0x000070000ddf2000)]
  0x00007f8867807000 JavaThread "Finalizer" daemon [_thread_blocked, id=19971, stack(0x000070000dbef000,0x000070000dcef000)]
  0x00007f8868057800 JavaThread "Reference Handler" daemon [_thread_blocked, id=20227, stack(0x000070000daec000,0x000070000dbec000)]
  0x00007f8867806000 JavaThread "main" [_thread_blocked, id=10499, stack(0x000070000d4da000,0x000070000d5da000)]

Other Threads:
=>0x00007f8868055000 VMThread [stack: 0x000070000d9e9000,0x000070000dae9000] [id=20739]
  0x00007f8868031000 WatcherThread [stack: 0x000070000e50a000,0x000070000e60a000] [id=15107]

VM state:at safepoint (normal execution)

VM Mutex/Monitor currently owned by a thread:  ([mutex/lock_event])
[0x00007f8867510720] Threads_lock - owner thread: 0x00007f8868055000

Heap:
 PSYoungGen      total 76288K, used 21066K [0x000000076ab00000, 0x0000000770000000, 0x00000007c0000000)
  eden space 65536K, 32% used [0x000000076ab00000,0x000000076bf929b8,0x000000076eb00000)
  from space 10752K, 0% used [0x000000076f580000,0x000000076f580000,0x0000000770000000)
  to   space 10752K, 0% used [0x000000076eb00000,0x000000076eb00000,0x000000076f580000)
 ParOldGen       total 175104K, used 0K [0x00000006c0000000, 0x00000006cab00000, 0x000000076ab00000)
  object space 175104K, 0% used [0x00000006c0000000,0x00000006c0000000,0x00000006cab00000)
 Metaspace       used 8170K, capacity 8954K, committed 9216K, reserved 1056768K
  class space    used 1047K, capacity 1210K, committed 1280K, reserved 1048576K

Card table byte_map: [0x000000010c000000,0x000000010c801000] byte_map_base: 0x0000000108a00000

Marking Bits: (ParMarkBitMap*) 0x000000010ac20e00
 Begin Bits: [0x0000000122c8e000, 0x0000000126c8e000)
 End Bits:   [0x0000000126c8e000, 0x000000012ac8e000)

Polling page: 0x000000010b31f000

CodeCache: size=245760Kb used=2994Kb max_used=3012Kb free=242765Kb
 bounds [0x0000000113c8e000, 0x0000000113f8e000, 0x0000000122c8e000]
 total_blobs=1096 nmethods=814 adapters=204
 compilation: enabled

Compilation events (10 events):
Event: 1.081 Thread 0x00007f8869010800 nmethod 809 0x0000000113f63650 code [0x0000000113f637a0, 0x0000000113f638d0]
Event: 1.081 Thread 0x00007f8869010800  811       3       java.lang.ClassLoader::postDefineClass (26 bytes)
Event: 1.082 Thread 0x00007f8869010800 nmethod 811 0x0000000113f62a10 code [0x0000000113f62ba0, 0x0000000113f630f8]
Event: 1.082 Thread 0x00007f8869010800  812       3       java.lang.invoke.DirectMethodHandle::preparedLambdaForm (230 bytes)
Event: 1.083 Thread 0x00007f8869010800 nmethod 812 0x0000000113f74710 code [0x0000000113f74980, 0x0000000113f759d8]
Event: 1.083 Thread 0x00007f8869010800  813       3       java.io.UnixFileSystem::prefixLength (25 bytes)
Event: 1.083 Thread 0x00007f8869010800 nmethod 813 0x0000000113f76050 code [0x0000000113f76200, 0x0000000113f766c8]
Event: 1.083 Thread 0x00007f8869010800  814       3       java.lang.Class::forName (53 bytes)
Event: 1.084 Thread 0x00007f8869010800 nmethod 814 0x0000000113f768d0 code [0x0000000113f76aa0, 0x0000000113f77148]
Event: 1.133 Thread 0x00007f886787c800 nmethod 805 0x0000000113f7bc50 code [0x0000000113f7c020, 0x0000000113f7dc70]

GC Heap History (0 events):
No events

Deoptimization events (1 events):
Event: 0.596 Thread 0x00007f8867806000 Uncommon trap: reason=unstable_if action=reinterpret pc=0x0000000113e61484 method=java.lang.String.replace(CC)Ljava/lang/String; @ 26

Classes redefined (4 events):
Event: 72.553 Thread 0x00007f8868055000 redefined class name=model.inventories.test.testGroceryInventory, count=1
Event: 100.282 Thread 0x00007f8868055000 redefined class name=model.inventories.KitchenInventory, count=1
Event: 151.268 Thread 0x00007f8868055000 redefined class name=model.inventories.test.testGroceryInventory, count=2
Event: 207.999 Thread 0x00007f8868055000 redefined class name=model.inventories.test.testGroceryInventory, count=3

Internal exceptions (10 events):
Event: 0.684 Thread 0x00007f8867806000 Exception <a 'java/lang/IncompatibleClassChangeError': Found class java.lang.Object, but interface was expected> (0x000000076b67d670) thrown at [/Users/java_re/workspace/8-2-build-macosx-x86_64/jdk8u191/11896/hotspot/src/share/vm/interpreter/linkResolver.
Event: 0.735 Thread 0x00007f8867806000 Exception <a 'java/lang/NoSuchMethodError': java.lang.Object.lambda$andThen$1(Ljava/util/function/Function;Ljava/lang/Object;)Ljava/lang/Object;> (0x000000076b7ee550) thrown at [/Users/java_re/workspace/8-2-build-macosx-x86_64/jdk8u191/11896/hotspot/src/s
Event: 0.757 Thread 0x00007f8867806000 Exception <a 'java/lang/NoSuchMethodError': java.lang.Object.lambda$accept$0(Lorg/junit/platform/engine/TestDescriptor$Visitor;Lorg/junit/platform/engine/TestDescriptor;)V> (0x000000076b8bf4e0) thrown at [/Users/java_re/workspace/8-2-build-macosx-x86_64/j
Event: 0.760 Thread 0x00007f8867806000 Exception <a 'java/lang/IncompatibleClassChangeError': Found class java.lang.Object, but interface was expected> (0x000000076b8ce878) thrown at [/Users/java_re/workspace/8-2-build-macosx-x86_64/jdk8u191/11896/hotspot/src/share/vm/interpreter/linkResolver.
Event: 0.761 Thread 0x00007f8867806000 Exception <a 'java/lang/NoSuchMethodError': java.lang.Object.containsTests(Lorg/junit/platform/engine/TestDescriptor;)Z> (0x000000076b8d5508) thrown at [/Users/java_re/workspace/8-2-build-macosx-x86_64/jdk8u191/11896/hotspot/src/share/vm/interpreter/linkR
Event: 0.795 Thread 0x00007f8867806000 Exception <a 'java/lang/IncompatibleClassChangeError': Found class java.lang.Object, but interface was expected> (0x000000076b9aeb68) thrown at [/Users/java_re/workspace/8-2-build-macosx-x86_64/jdk8u191/11896/hotspot/src/share/vm/interpreter/linkResolver.
Event: 0.816 Thread 0x00007f8867806000 Exception <a 'java/lang/NoSuchMethodError': java.lang.Object.lambda$comparing$77a9974f$1(Ljava/util/function/Function;Ljava/lang/Object;Ljava/lang/Object;)I> (0x000000076ba305f0) thrown at [/Users/java_re/workspace/8-2-build-macosx-x86_64/jdk8u191/11896/h
Event: 0.818 Thread 0x00007f8867806000 Exception <a 'java/lang/NoSuchMethodError': java.lang.Object.lambda$thenComparing$36697e65$1(Ljava/util/Comparator;Ljava/lang/Object;Ljava/lang/Object;)I> (0x000000076ba49740) thrown at [/Users/java_re/workspace/8-2-build-macosx-x86_64/jdk8u191/11896/hots
Event: 0.888 Thread 0x00007f8867806000 Exception <a 'java/lang/NoSuchMethodError': java.lang.Object.lambda$and$0(Ljava/util/function/Predicate;Ljava/lang/Object;)Z> (0x000000076bc1fc08) thrown at [/Users/java_re/workspace/8-2-build-macosx-x86_64/jdk8u191/11896/hotspot/src/share/vm/interpreter/
Event: 1.002 Thread 0x00007f8867806000 Exception <a 'java/lang/NoSuchMethodError': <clinit>> (0x000000076be2a3e0) thrown at [/Users/java_re/workspace/8-2-build-macosx-x86_64/jdk8u191/11896/hotspot/src/share/vm/prims/jni.cpp, line 1613]

Events (10 events):
Event: 151.342 Executing VM operation: GetOrSetLocal done
Event: 151.568 Executing VM operation: GetOrSetLocal
Event: 151.569 Executing VM operation: GetOrSetLocal done
Event: 151.569 Executing VM operation: GetOrSetLocal
Event: 151.569 Executing VM operation: GetOrSetLocal done
Event: 204.364 Executing VM operation: ChangeBreakpoints
Event: 204.364 Executing VM operation: ChangeBreakpoints done
Event: 207.993 Executing VM operation: RedefineClasses
Event: 207.999 Executing VM operation: RedefineClasses done
Event: 208.001 Executing VM operation: GetOrSetLocal


Dynamic libraries:
0x00007fff2ab5b000 	/System/Library/Frameworks/Cocoa.framework/Versions/A/Cocoa
0x00007fff36e18000 	/System/Library/Frameworks/Security.framework/Versions/A/Security
0x00007fff29762000 	/System/Library/Frameworks/ApplicationServices.framework/Versions/A/ApplicationServices
0x00007fff583f5000 	/usr/lib/libz.1.dylib
0x00007fff55a6b000 	/usr/lib/libSystem.B.dylib
0x00007fff57512000 	/usr/lib/libobjc.A.dylib
0x00007fff2b37e000 	/System/Library/Frameworks/CoreFoundation.framework/Versions/A/CoreFoundation
0x00007fff2d703000 	/System/Library/Frameworks/Foundation.framework/Versions/C/Foundation
0x00007fff288ef000 	/System/Library/Frameworks/AppKit.framework/Versions/C/AppKit
0x00007fff2aef2000 	/System/Library/Frameworks/CoreData.framework/Versions/A/CoreData
0x00007fff4ec3a000 	/System/Library/PrivateFrameworks/RemoteViewServices.framework/Versions/A/RemoteViewServices
0x00007fff53739000 	/System/Library/PrivateFrameworks/UIFoundation.framework/Versions/A/UIFoundation
0x00007fff54ef1000 	/System/Library/PrivateFrameworks/XCTTargetBootstrap.framework/Versions/A/XCTTargetBootstrap
0x00007fff49743000 	/System/Library/PrivateFrameworks/IconServices.framework/Versions/A/IconServices
0x00007fff2ffcc000 	/System/Library/Frameworks/Metal.framework/Versions/A/Metal
0x00007fff40946000 	/System/Library/PrivateFrameworks/DesktopServicesPriv.framework/Versions/A/DesktopServicesPriv
0x00007fff56826000 	/usr/lib/libenergytrace.dylib
0x00007fff514aa000 	/System/Library/PrivateFrameworks/SkyLight.framework/Versions/A/SkyLight
0x00007fff2b7cd000 	/System/Library/Frameworks/CoreGraphics.framework/Versions/A/CoreGraphics
0x00007fff276aa000 	/System/Library/Frameworks/Accelerate.framework/Versions/A/Accelerate
0x00007fff2de8c000 	/System/Library/Frameworks/IOSurface.framework/Versions/A/IOSurface
0x00007fff407a8000 	/System/Library/PrivateFrameworks/DFRFoundation.framework/Versions/A/DFRFoundation
0x00007fff29c67000 	/System/Library/Frameworks/AudioToolbox.framework/Versions/A/AudioToolbox
0x00007fff29f06000 	/System/Library/Frameworks/AudioUnit.framework/Versions/A/AudioUnit
0x00007fff4083f000 	/System/Library/PrivateFrameworks/DataDetectorsCore.framework/Versions/A/DataDetectorsCore
0x00007fff2a645000 	/System/Library/Frameworks/Carbon.framework/Versions/A/Frameworks/HIToolbox.framework/Versions/A/HIToolbox
0x00007fff56981000 	/usr/lib/libicucore.A.dylib
0x00007fff3636b000 	/System/Library/Frameworks/QuartzCore.framework/Versions/A/QuartzCore
0x00007fff2aa2c000 	/System/Library/Frameworks/Carbon.framework/Versions/A/Frameworks/SpeechRecognition.framework/Versions/A/SpeechRecognition
0x00007fff55bce000 	/usr/lib/libauto.dylib
0x00007fff582e8000 	/usr/lib/libxml2.2.dylib
0x00007fff403a7000 	/System/Library/PrivateFrameworks/CoreUI.framework/Versions/A/CoreUI
0x00007fff2add0000 	/System/Library/Frameworks/CoreAudio.framework/Versions/A/CoreAudio
0x00007fff2d535000 	/System/Library/Frameworks/DiskArbitration.framework/Versions/A/DiskArbitration
0x00007fff56c31000 	/usr/lib/liblangid.dylib
0x00007fff4abf2000 	/System/Library/PrivateFrameworks/MultitouchSupport.framework/Versions/A/MultitouchSupport
0x00007fff2ddf8000 	/System/Library/Frameworks/IOKit.framework/Versions/A/IOKit
0x00007fff556b9000 	/usr/lib/libDiagnosticMessagesClient.dylib
0x00007fff2c63b000 	/System/Library/Frameworks/CoreServices.framework/Versions/A/CoreServices
0x00007fff4c927000 	/System/Library/PrivateFrameworks/PerformanceAnalysis.framework/Versions/A/PerformanceAnalysis
0x00007fff35500000 	/System/Library/Frameworks/OpenGL.framework/Versions/A/OpenGL
0x00007fff2ab69000 	/System/Library/Frameworks/ColorSync.framework/Versions/A/ColorSync
0x00007fff2be5c000 	/System/Library/Frameworks/CoreImage.framework/Versions/A/CoreImage
0x00007fff2d07e000 	/System/Library/Frameworks/CoreText.framework/Versions/A/CoreText
0x00007fff2deed000 	/System/Library/Frameworks/ImageIO.framework/Versions/A/ImageIO
0x00007fff3c9e6000 	/System/Library/PrivateFrameworks/Backup.framework/Versions/A/Backup
0x00007fff55b21000 	/usr/lib/libarchive.2.dylib
0x00007fff2a26a000 	/System/Library/Frameworks/CFNetwork.framework/Versions/A/CFNetwork
0x00007fff375c3000 	/System/Library/Frameworks/SystemConfiguration.framework/Versions/A/SystemConfiguration
0x00007fff555e2000 	/usr/lib/libCRFSuite.dylib
0x00007fff55cc5000 	/usr/lib/libc++.1.dylib
0x00007fff55d1d000 	/usr/lib/libc++abi.dylib
0x00007fff58478000 	/usr/lib/system/libcache.dylib
0x00007fff5847d000 	/usr/lib/system/libcommonCrypto.dylib
0x00007fff58488000 	/usr/lib/system/libcompiler_rt.dylib
0x00007fff58490000 	/usr/lib/system/libcopyfile.dylib
0x00007fff5849a000 	/usr/lib/system/libcorecrypto.dylib
0x00007fff585a5000 	/usr/lib/system/libdispatch.dylib
0x00007fff585e0000 	/usr/lib/system/libdyld.dylib
0x00007fff58610000 	/usr/lib/system/libkeymgr.dylib
0x00007fff5861e000 	/usr/lib/system/liblaunch.dylib
0x00007fff5861f000 	/usr/lib/system/libmacho.dylib
0x00007fff58625000 	/usr/lib/system/libquarantine.dylib
0x00007fff58628000 	/usr/lib/system/libremovefile.dylib
0x00007fff5862a000 	/usr/lib/system/libsystem_asl.dylib
0x00007fff58642000 	/usr/lib/system/libsystem_blocks.dylib
0x00007fff58643000 	/usr/lib/system/libsystem_c.dylib
0x00007fff586cc000 	/usr/lib/system/libsystem_configuration.dylib
0x00007fff586d0000 	/usr/lib/system/libsystem_coreservices.dylib
0x00007fff586d4000 	/usr/lib/system/libsystem_darwin.dylib
0x00007fff586db000 	/usr/lib/system/libsystem_dnssd.dylib
0x00007fff586e2000 	/usr/lib/system/libsystem_info.dylib
0x00007fff58758000 	/usr/lib/system/libsystem_m.dylib
0x00007fff587a4000 	/usr/lib/system/libsystem_malloc.dylib
0x00007fff587c9000 	/usr/lib/system/libsystem_networkextension.dylib
0x00007fff587d5000 	/usr/lib/system/libsystem_notify.dylib
0x00007fff587f2000 	/usr/lib/system/libsystem_sandbox.dylib
0x00007fff587f6000 	/usr/lib/system/libsystem_secinit.dylib
0x00007fff5872f000 	/usr/lib/system/libsystem_kernel.dylib
0x00007fff587dd000 	/usr/lib/system/libsystem_platform.dylib
0x00007fff587e7000 	/usr/lib/system/libsystem_pthread.dylib
0x00007fff587f9000 	/usr/lib/system/libsystem_symptoms.dylib
0x00007fff58801000 	/usr/lib/system/libsystem_trace.dylib
0x00007fff58818000 	/usr/lib/system/libunwind.dylib
0x00007fff5881e000 	/usr/lib/system/libxpc.dylib
0x00007fff55ca5000 	/usr/lib/libbsm.0.dylib
0x00007fff58611000 	/usr/lib/system/libkxld.dylib
0x00007fff3bc93000 	/System/Library/PrivateFrameworks/AppleFSCompression.framework/Versions/A/AppleFSCompression
0x00007fff5592a000 	/usr/lib/libOpenScriptingUtil.dylib
0x00007fff56008000 	/usr/lib/libcoretls.dylib
0x00007fff5601f000 	/usr/lib/libcoretls_cfhelpers.dylib
0x00007fff57cab000 	/usr/lib/libpam.2.dylib
0x00007fff57e6e000 	/usr/lib/libsqlite3.dylib
0x00007fff582d6000 	/usr/lib/libxar.1.dylib
0x00007fff55cb6000 	/usr/lib/libbz2.1.0.dylib
0x00007fff56c33000 	/usr/lib/liblzma.5.dylib
0x00007fff57129000 	/usr/lib/libnetwork.dylib
0x00007fff55b0a000 	/usr/lib/libapple_nghttp2.dylib
0x00007fff57cb2000 	/usr/lib/libpcap.A.dylib
0x00007fff2c9df000 	/System/Library/Frameworks/CoreServices.framework/Versions/A/Frameworks/FSEvents.framework/Versions/A/FSEvents
0x00007fff2c6bb000 	/System/Library/Frameworks/CoreServices.framework/Versions/A/Frameworks/CarbonCore.framework/Versions/A/CarbonCore
0x00007fff2cbb4000 	/System/Library/Frameworks/CoreServices.framework/Versions/A/Frameworks/Metadata.framework/Versions/A/Metadata
0x00007fff2cc57000 	/System/Library/Frameworks/CoreServices.framework/Versions/A/Frameworks/OSServices.framework/Versions/A/OSServices
0x00007fff2cca3000 	/System/Library/Frameworks/CoreServices.framework/Versions/A/Frameworks/SearchKit.framework/Versions/A/SearchKit
0x00007fff2c63c000 	/System/Library/Frameworks/CoreServices.framework/Versions/A/Frameworks/AE.framework/Versions/A/AE
0x00007fff2c9e8000 	/System/Library/Frameworks/CoreServices.framework/Versions/A/Frameworks/LaunchServices.framework/Versions/A/LaunchServices
0x00007fff2c994000 	/System/Library/Frameworks/CoreServices.framework/Versions/A/Frameworks/DictionaryServices.framework/Versions/A/DictionaryServices
0x00007fff2cd12000 	/System/Library/Frameworks/CoreServices.framework/Versions/A/Frameworks/SharedFileList.framework/Versions/A/SharedFileList
0x00007fff31491000 	/System/Library/Frameworks/NetFS.framework/Versions/A/NetFS
0x00007fff4ae8f000 	/System/Library/PrivateFrameworks/NetAuth.framework/Versions/A/NetAuth
0x00007fff55325000 	/System/Library/PrivateFrameworks/login.framework/Versions/A/Frameworks/loginsupport.framework/Versions/A/loginsupport
0x00007fff53331000 	/System/Library/PrivateFrameworks/TCC.framework/Versions/A/TCC
0x00007fff3f9b1000 	/System/Library/PrivateFrameworks/CoreNLP.framework/Versions/A/CoreNLP
0x00007fff4a8e3000 	/System/Library/PrivateFrameworks/MetadataUtilities.framework/Versions/A/MetadataUtilities
0x00007fff56d14000 	/usr/lib/libmecabra.dylib
0x00007fff29763000 	/System/Library/Frameworks/ApplicationServices.framework/Versions/A/Frameworks/ATS.framework/Versions/A/ATS
0x00007fff29ace000 	/System/Library/Frameworks/ApplicationServices.framework/Versions/A/Frameworks/ColorSyncLegacy.framework/Versions/A/ColorSyncLegacy
0x00007fff29b6f000 	/System/Library/Frameworks/ApplicationServices.framework/Versions/A/Frameworks/HIServices.framework/Versions/A/HIServices
0x00007fff29bc2000 	/System/Library/Frameworks/ApplicationServices.framework/Versions/A/Frameworks/LangAnalysis.framework/Versions/A/LangAnalysis
0x00007fff29bd1000 	/System/Library/Frameworks/ApplicationServices.framework/Versions/A/Frameworks/PrintCore.framework/Versions/A/PrintCore
0x00007fff29c1e000 	/System/Library/Frameworks/ApplicationServices.framework/Versions/A/Frameworks/QD.framework/Versions/A/QD
0x00007fff29c5a000 	/System/Library/Frameworks/ApplicationServices.framework/Versions/A/Frameworks/SpeechSynthesis.framework/Versions/A/SpeechSynthesis
0x00007fff55d45000 	/usr/lib/libcompression.dylib
0x00007fff2b294000 	/System/Library/Frameworks/CoreDisplay.framework/Versions/A/CoreDisplay
0x00007fff30294000 	/System/Library/Frameworks/MetalPerformanceShaders.framework/Versions/A/MetalPerformanceShaders
0x00007fff276c2000 	/System/Library/Frameworks/Accelerate.framework/Versions/A/Frameworks/vImage.framework/Versions/A/vImage
0x00007fff2873e000 	/System/Library/Frameworks/Accelerate.framework/Versions/A/Frameworks/vecLib.framework/Versions/A/vecLib
0x00007fff28688000 	/System/Library/Frameworks/Accelerate.framework/Versions/A/Frameworks/vecLib.framework/Versions/A/libvMisc.dylib
0x00007fff284a3000 	/System/Library/Frameworks/Accelerate.framework/Versions/A/Frameworks/vecLib.framework/Versions/A/libvDSP.dylib
0x00007fff27d63000 	/System/Library/Frameworks/Accelerate.framework/Versions/A/Frameworks/vecLib.framework/Versions/A/libBLAS.dylib
0x00007fff2804e000 	/System/Library/Frameworks/Accelerate.framework/Versions/A/Frameworks/vecLib.framework/Versions/A/libLAPACK.dylib
0x00007fff283f5000 	/System/Library/Frameworks/Accelerate.framework/Versions/A/Frameworks/vecLib.framework/Versions/A/libLinearAlgebra.dylib
0x00007fff2848f000 	/System/Library/Frameworks/Accelerate.framework/Versions/A/Frameworks/vecLib.framework/Versions/A/libSparseBLAS.dylib
0x00007fff2840b000 	/System/Library/Frameworks/Accelerate.framework/Versions/A/Frameworks/vecLib.framework/Versions/A/libQuadrature.dylib
0x00007fff27fdb000 	/System/Library/Frameworks/Accelerate.framework/Versions/A/Frameworks/vecLib.framework/Versions/A/libBNNS.dylib
0x00007fff28411000 	/System/Library/Frameworks/Accelerate.framework/Versions/A/Frameworks/vecLib.framework/Versions/A/libSparse.dylib
0x00007fff46ed6000 	/System/Library/PrivateFrameworks/GPUWrangler.framework/Versions/A/GPUWrangler
0x00007fff4930a000 	/System/Library/PrivateFrameworks/IOAccelerator.framework/Versions/A/IOAccelerator
0x00007fff49315000 	/System/Library/PrivateFrameworks/IOPresentment.framework/Versions/A/IOPresentment
0x00007fff407b8000 	/System/Library/PrivateFrameworks/DSExternalDisplay.framework/Versions/A/DSExternalDisplay
0x00007fff34945000 	/System/Library/Frameworks/OpenGL.framework/Versions/A/Libraries/libCoreFSCache.dylib
0x00007fff3007c000 	/System/Library/Frameworks/MetalPerformanceShaders.framework/Frameworks/MPSCore.framework/Versions/A/MPSCore
0x00007fff3009d000 	/System/Library/Frameworks/MetalPerformanceShaders.framework/Frameworks/MPSImage.framework/Versions/A/MPSImage
0x00007fff30145000 	/System/Library/Frameworks/MetalPerformanceShaders.framework/Frameworks/MPSNeuralNetwork.framework/Versions/A/MPSNeuralNetwork
0x00007fff3011c000 	/System/Library/Frameworks/MetalPerformanceShaders.framework/Frameworks/MPSMatrix.framework/Versions/A/MPSMatrix
0x00007fff30278000 	/System/Library/Frameworks/MetalPerformanceShaders.framework/Frameworks/MPSRayIntersector.framework/Versions/A/MPSRayIntersector
0x00007fff4a90c000 	/System/Library/PrivateFrameworks/MetalTools.framework/Versions/A/MetalTools
0x00007fff3b38d000 	/System/Library/PrivateFrameworks/AggregateDictionary.framework/Versions/A/AggregateDictionary
0x00007fff5590a000 	/usr/lib/libMobileGestalt.dylib
0x00007fff2d1e4000 	/System/Library/Frameworks/CoreVideo.framework/Versions/A/CoreVideo
0x00007fff47d45000 	/System/Library/PrivateFrameworks/GraphVisualizer.framework/Versions/A/GraphVisualizer
0x00007fff41ae1000 	/System/Library/PrivateFrameworks/FaceCore.framework/Versions/A/FaceCore
0x00007fff33f5d000 	/System/Library/Frameworks/OpenCL.framework/Versions/A/OpenCL
0x00007fff556f1000 	/usr/lib/libFosl_dynamic.dylib
0x00007fff4b766000 	/System/Library/PrivateFrameworks/OTSVG.framework/Versions/A/OTSVG
0x00007fff29867000 	/System/Library/Frameworks/ApplicationServices.framework/Versions/A/Frameworks/ATS.framework/Versions/A/Resources/libFontParser.dylib
0x00007fff29987000 	/System/Library/Frameworks/ApplicationServices.framework/Versions/A/Frameworks/ATS.framework/Versions/A/Resources/libFontRegistry.dylib
0x00007fff2e177000 	/System/Library/Frameworks/ImageIO.framework/Versions/A/Resources/libJPEG.dylib
0x00007fff2e499000 	/System/Library/Frameworks/ImageIO.framework/Versions/A/Resources/libTIFF.dylib
0x00007fff2e46f000 	/System/Library/Frameworks/ImageIO.framework/Versions/A/Resources/libPng.dylib
0x00007fff2e08c000 	/System/Library/Frameworks/ImageIO.framework/Versions/A/Resources/libGIF.dylib
0x00007fff2e091000 	/System/Library/Frameworks/ImageIO.framework/Versions/A/Resources/libJP2.dylib
0x00007fff2e496000 	/System/Library/Frameworks/ImageIO.framework/Versions/A/Resources/libRadiance.dylib
0x00007fff3bdec000 	/System/Library/PrivateFrameworks/AppleJPEG.framework/Versions/A/AppleJPEG
0x00007fff34950000 	/System/Library/Frameworks/OpenGL.framework/Versions/A/Libraries/libGFXShared.dylib
0x00007fff34b13000 	/System/Library/Frameworks/OpenGL.framework/Versions/A/Libraries/libGLU.dylib
0x00007fff34959000 	/System/Library/Frameworks/OpenGL.framework/Versions/A/Libraries/libGL.dylib
0x00007fff34965000 	/System/Library/Frameworks/OpenGL.framework/Versions/A/Libraries/libGLImage.dylib
0x00007fff34942000 	/System/Library/Frameworks/OpenGL.framework/Versions/A/Libraries/libCVMSPluginSupport.dylib
0x00007fff3494b000 	/System/Library/Frameworks/OpenGL.framework/Versions/A/Libraries/libCoreVMClient.dylib
0x00007fff56697000 	/usr/lib/libcups.2.dylib
0x00007fff2f591000 	/System/Library/Frameworks/Kerberos.framework/Versions/A/Kerberos
0x00007fff2db42000 	/System/Library/Frameworks/GSS.framework/Versions/A/GSS
0x00007fff57e02000 	/usr/lib/libresolv.9.dylib
0x00007fff5688f000 	/usr/lib/libiconv.2.dylib
0x00007fff47ea5000 	/System/Library/PrivateFrameworks/Heimdal.framework/Versions/A/Heimdal
0x00007fff5685e000 	/usr/lib/libheimdal-asn1.dylib
0x00007fff33fd3000 	/System/Library/Frameworks/OpenDirectory.framework/Versions/A/OpenDirectory
0x00007fff3e6ae000 	/System/Library/PrivateFrameworks/CommonAuth.framework/Versions/A/CommonAuth
0x00007fff33fb6000 	/System/Library/Frameworks/OpenDirectory.framework/Versions/A/Frameworks/CFOpenDirectory.framework/Versions/A/CFOpenDirectory
0x00007fff37141000 	/System/Library/Frameworks/SecurityFoundation.framework/Versions/A/SecurityFoundation
0x00007fff3a89e000 	/System/Library/PrivateFrameworks/APFS.framework/Versions/A/APFS
0x00007fff582d2000 	/usr/lib/libutil.dylib
0x00007fff55d33000 	/usr/lib/libcharset.1.dylib
0x00007fff3c088000 	/System/Library/PrivateFrameworks/AppleSauce.framework/Versions/A/AppleSauce
0x00007fff3c216000 	/System/Library/PrivateFrameworks/AssertionServices.framework/Versions/A/AssertionServices
0x00007fff3ca89000 	/System/Library/PrivateFrameworks/BaseBoard.framework/Versions/A/BaseBoard
0x00007fff56c63000 	/usr/lib/libmecab.1.0.0.dylib
0x00007fff56858000 	/usr/lib/libgermantok.dylib
0x00007fff55af6000 	/usr/lib/libThaiTokenizer.dylib
0x00007fff5561d000 	/usr/lib/libChineseTokenizer.dylib
0x00007fff49a40000 	/System/Library/PrivateFrameworks/LanguageModeling.framework/Versions/A/LanguageModeling
0x00007fff3f3c7000 	/System/Library/PrivateFrameworks/CoreEmoji.framework/Versions/A/CoreEmoji
0x00007fff49b38000 	/System/Library/PrivateFrameworks/Lexicon.framework/Versions/A/Lexicon
0x00007fff49b80000 	/System/Library/PrivateFrameworks/LinguisticData.framework/Versions/A/LinguisticData
0x00007fff55d34000 	/usr/lib/libcmph.dylib
0x00007fff37202000 	/System/Library/Frameworks/ServiceManagement.framework/Versions/A/ServiceManagement
0x00007fff3c9dc000 	/System/Library/PrivateFrameworks/BackgroundTaskManagement.framework/Versions/A/BackgroundTaskManagement
0x00007fff583cc000 	/usr/lib/libxslt.1.dylib
0x00007fff2a957000 	/System/Library/Frameworks/Carbon.framework/Versions/A/Frameworks/Ink.framework/Versions/A/Ink
0x00007fff535b1000 	/System/Library/PrivateFrameworks/TextureIO.framework/Versions/A/TextureIO
0x00007fff55b4b000 	/usr/lib/libate.dylib
0x00007fff40714000 	/System/Library/PrivateFrameworks/CrashReporterSupport.framework/Versions/A/CrashReporterSupport
0x00007fff505d2000 	/System/Library/PrivateFrameworks/Sharing.framework/Versions/A/Sharing
0x00007fff3c568000 	/System/Library/PrivateFrameworks/AuthKit.framework/Versions/A/AuthKit
0x00007fff3b98b000 	/System/Library/PrivateFrameworks/Apple80211.framework/Versions/A/Apple80211
0x00007fff404d4000 	/System/Library/PrivateFrameworks/CoreUtils.framework/Versions/A/CoreUtils
0x00007fff2d222000 	/System/Library/Frameworks/CoreWLAN.framework/Versions/A/CoreWLAN
0x00007fff2dc8c000 	/System/Library/Frameworks/IOBluetooth.framework/Versions/A/IOBluetooth
0x00007fff4e8f5000 	/System/Library/PrivateFrameworks/ProtocolBuffer.framework/Versions/A/ProtocolBuffer
0x00007fff4ab49000 	/System/Library/PrivateFrameworks/MobileKeyBag.framework/Versions/A/MobileKeyBag
0x00007fff3fcec000 	/System/Library/PrivateFrameworks/CorePhoneNumbers.framework/Versions/A/CorePhoneNumbers
0x00007fff3bda0000 	/System/Library/PrivateFrameworks/AppleIDAuthSupport.framework/Versions/A/AppleIDAuthSupport
0x00007fff49a12000 	/System/Library/PrivateFrameworks/KeychainCircle.framework/Versions/A/KeychainCircle
0x00007fff4eac2000 	/System/Library/PrivateFrameworks/ROCKit.framework/Versions/A/ROCKit
0x00007fff406b0000 	/System/Library/PrivateFrameworks/CoreWiFi.framework/Versions/A/CoreWiFi
0x00007fff2aec6000 	/System/Library/Frameworks/CoreBluetooth.framework/Versions/A/CoreBluetooth
0x00007fff40904000 	/System/Library/PrivateFrameworks/DebugSymbols.framework/Versions/A/DebugSymbols
0x00007fff40289000 	/System/Library/PrivateFrameworks/CoreSymbolication.framework/Versions/A/CoreSymbolication
0x00007fff52d9b000 	/System/Library/PrivateFrameworks/Symbolication.framework/Versions/A/Symbolication
0x00007fff51f2d000 	/System/Library/PrivateFrameworks/SpeechRecognitionCore.framework/Versions/A/SpeechRecognitionCore
0x000000010a327000 	/Library/Java/JavaVirtualMachines/jdk1.8.0_191.jdk/Contents/Home/jre/lib/server/libjvm.dylib
0x00007fff58196000 	/usr/lib/libstdc++.6.dylib
0x000000010b2db000 	/Library/Java/JavaVirtualMachines/jdk1.8.0_191.jdk/Contents/Home/jre/lib/libverify.dylib
0x000000010b2e9000 	/Library/Java/JavaVirtualMachines/jdk1.8.0_191.jdk/Contents/Home/jre/lib/libjava.dylib
0x000000010b320000 	/Library/Java/JavaVirtualMachines/jdk1.8.0_191.jdk/Contents/Home/jre/lib/libjdwp.dylib
0x000000010b36b000 	/Library/Java/JavaVirtualMachines/jdk1.8.0_191.jdk/Contents/Home/jre/lib/libnpt.dylib
0x000000010b36f000 	/Library/Java/JavaVirtualMachines/jdk1.8.0_191.jdk/Contents/Home/jre/lib/libinstrument.dylib
0x000000010b3cd000 	/Library/Java/JavaVirtualMachines/jdk1.8.0_191.jdk/Contents/Home/jre/lib/libzip.dylib
0x000000010f033000 	/Library/Java/JavaVirtualMachines/jdk1.8.0_191.jdk/Contents/Home/jre/lib/libdt_socket.dylib

VM Arguments:
jvm_args: -agentlib:jdwp=transport=dt_socket,address=127.0.0.1:49424,suspend=y,server=n -ea -Didea.test.cyclic.buffer.size=1048576 -javaagent:/Users/madieleroux/Library/Caches/IdeaIC2018.2/captureAgent/debugger-agent.jar=file:/private/var/folders/ms/ktrhjyls2r9b38sbpqmv7cdm0000gn/T/capture.props -Dfile.encoding=UTF-8 
java_command: com.intellij.rt.execution.junit.JUnitStarter -ideVersion5 -junit5 model.inventories.test.testGroceryInventory,testInKitchenMulti
java_class_path (initial): /Applications/IntelliJ IDEA CE.app/Contents/lib/idea_rt.jar:/Applications/IntelliJ IDEA CE.app/Contents/plugins/junit/lib/junit-rt.jar:/Applications/IntelliJ IDEA CE.app/Contents/plugins/junit/lib/junit5-rt.jar:/Users/madieleroux/.m2/repository/org/junit/platform/junit-platform-launcher/1.4.0/junit-platform-launcher-1.4.0.jar:/Users/madieleroux/.m2/repository/org/apiguardian/apiguardian-api/1.0.0/apiguardian-api-1.0.0.jar:/Users/madieleroux/.m2/repository/org/junit/platform/junit-platform-engine/1.4.0/junit-platform-engine-1.4.0.jar:/Users/madieleroux/.m2/repository/org/opentest4j/opentest4j/1.1.1/opentest4j-1.1.1.jar:/Users/madieleroux/.m2/repository/org/junit/platform/junit-platform-commons/1.4.0/junit-platform-commons-1.4.0.jar:/Users/madieleroux/.m2/repository/org/junit/jupiter/junit-jupiter-engine/5.4.0/junit-jupiter-engine-5.4.0.jar:/Users/madieleroux/.m2/repository/org/junit/jupiter/junit-jupiter-api/5.4.0/junit-jupiter-api-5.4.0.jar:/Library/Java/JavaVirtualMachines/jdk1.8.0_191.jdk/Contents/Home/jre/lib/charsets.jar:/Library/Java/JavaVirtualMachines/jdk1.8.0_191.jdk/Contents/Home/jre/lib/deploy.jar:/Library/Java/JavaVirtualMachines/jdk1.8.0_191.jdk/Contents/Home/jre/lib/ext/cldrdata.jar:/Library/Java/JavaVirtualMachines/jdk1.8.0_191.jdk/Contents/Home/jre/lib/ext/dnsns.jar:/Library/Java/JavaVirtualMachines/jdk1.8.0_191.jdk/Contents/Home/jre/lib/ext/jaccess.jar:/Library/Java/JavaVirtualMachines/jdk1.8.0_191.jdk/Contents/Home/jre/lib/ext/jfxrt.jar:/Library/Java/JavaVirtualMachines/jdk1.8.0_191.jdk/Contents/Home/jre/lib/ext/localedata.jar:/Library/Java/JavaVirtualMachines/jdk1.8.0_191.jdk/Contents/Home/jre/lib/ext/nashorn.jar:/Library/Java/JavaVirtualMachines/jdk1.8.0_191.jdk/Contents/Home/jre/lib/ext/sunec.jar:/Library/Java/JavaVirtualMachines/jdk1.8.0_191.jdk/Contents/Home/jre/lib/ext/sunjce_provider.jar:/Library/Java/JavaVirtualMachines/jdk1.8.0_191.jdk/Contents/Home/jre/lib/ext/sunpkcs11.jar:/Library/Java/JavaVirtualMachines/jdk
Launcher Type: SUN_STANDARD

Environment Variables:
PATH=/Library/Frameworks/Python.framework/Versions/3.7/bin:/Library/Frameworks/Python.framework/Versions/3.6/bin:/usr/local/bin:/usr/bin:/bin:/usr/sbin:/sbin:/opt/X11/bin
SHELL=/bin/bash
DISPLAY=/private/tmp/com.apple.launchd.fjAADnowZL/org.macosforge.xquartz:0

Signal Handlers:
SIGSEGV: [libjvm.dylib+0x5b5de9], sa_mask[0]=11111111011111110111111111111111, sa_flags=SA_ONSTACK|SA_RESTART|SA_SIGINFO
SIGBUS: [libjvm.dylib+0x5b5de9], sa_mask[0]=11111111011111110111111111111111, sa_flags=SA_RESTART|SA_SIGINFO
SIGFPE: [libjvm.dylib+0x48b6b0], sa_mask[0]=11111111011111110111111111111111, sa_flags=SA_RESTART|SA_SIGINFO
SIGPIPE: [libjvm.dylib+0x48b6b0], sa_mask[0]=11111111011111110111111111111111, sa_flags=SA_RESTART|SA_SIGINFO
SIGXFSZ: [libjvm.dylib+0x48b6b0], sa_mask[0]=11111111011111110111111111111111, sa_flags=SA_RESTART|SA_SIGINFO
SIGILL: [libjvm.dylib+0x48b6b0], sa_mask[0]=11111111011111110111111111111111, sa_flags=SA_RESTART|SA_SIGINFO
SIGUSR1: SIG_DFL, sa_mask[0]=00000000000000000000000000000000, sa_flags=none
SIGUSR2: [libjvm.dylib+0x48b1ce], sa_mask[0]=00100000000000000000000000000000, sa_flags=SA_RESTART|SA_SIGINFO
SIGHUP: [libjvm.dylib+0x489759], sa_mask[0]=11111111011111110111111111111111, sa_flags=SA_RESTART|SA_SIGINFO
SIGINT: [libjvm.dylib+0x489759], sa_mask[0]=11111111011111110111111111111111, sa_flags=SA_RESTART|SA_SIGINFO
SIGTERM: [libjvm.dylib+0x489759], sa_mask[0]=11111111011111110111111111111111, sa_flags=SA_RESTART|SA_SIGINFO
SIGQUIT: [libjvm.dylib+0x489759], sa_mask[0]=11111111011111110111111111111111, sa_flags=SA_RESTART|SA_SIGINFO


---------------  S Y S T E M  ---------------

OS:Bsduname:Darwin 18.2.0 Darwin Kernel Version 18.2.0: Mon Nov 12 20:24:46 PST 2018; root:xnu-4903.231.4~2/RELEASE_X86_64 x86_64
rlimit: STACK 8192k, CORE 0k, NPROC 1418, NOFILE 10240, AS infinity
load average:3.17 2.81 2.67

CPU:total 4 (initial active 4) (2 cores per cpu, 2 threads per core) family 6 model 142 stepping 9, cmov, cx8, fxsr, mmx, sse, sse2, sse3, ssse3, sse4.1, sse4.2, popcnt, avx, avx2, aes, clmul, erms, 3dnowpref, lzcnt, ht, tsc, tscinvbit, bmi1, bmi2, adx

Memory: 4k page, physical 16777216k(2178084k free)

/proc/meminfo:


vm_info: Java HotSpot(TM) 64-Bit Server VM (25.191-b12) for bsd-amd64 JRE (1.8.0_191-b12), built on Oct  6 2018 08:37:07 by "java_re" with gcc 4.2.1 (Based on Apple Inc. build 5658) (LLVM build 2336.11.00)

time: Mon Feb 25 13:59:45 2019
elapsed time: 208 seconds (0d 0h 3m 28s)

